<?xml version="1.0" encoding="UTF-8"?>
<testng-results ignored="0" total="2" passed="2" failed="0" skipped="0">
  <reporter-output>
  </reporter-output>
  <suite started-at="2024-05-05T15:55:02 IST" name="Suite" finished-at="2024-05-05T15:55:12 IST" duration-ms="10137">
    <groups>
    </groups>
    <test started-at="2024-05-05T15:55:02 IST" name="Test" finished-at="2024-05-05T15:55:12 IST" duration-ms="10137">
      <class name="com.ecom.tests.LoginPageTests">
        <test-method is-config="true" signature="setUp()[pri:0, instance:com.ecom.tests.LoginPageTests@5b8dfcc1]" started-at="2024-05-05T15:55:02 IST" name="setUp" finished-at="2024-05-05T15:55:05 IST" duration-ms="3053" status="PASS">
          <reporter-output>
          </reporter-output>
        </test-method> <!-- setUp -->
        <test-method signature="testOne()[pri:0, instance:com.ecom.tests.LoginPageTests@5b8dfcc1]" started-at="2024-05-05T15:55:05 IST" name="testOne" finished-at="2024-05-05T15:55:07 IST" duration-ms="2562" status="PASS">
          <reporter-output>
          </reporter-output>
        </test-method> <!-- testOne -->
        <test-method is-config="true" signature="tearDown()[pri:0, instance:com.ecom.tests.LoginPageTests@5b8dfcc1]" started-at="2024-05-05T15:55:08 IST" name="tearDown" finished-at="2024-05-05T15:55:08 IST" duration-ms="182" status="PASS">
          <reporter-output>
          </reporter-output>
        </test-method> <!-- tearDown -->
      </class> <!-- com.ecom.tests.LoginPageTests -->
      <class name="com.ecom.tests.HomePageTests">
        <test-method is-config="true" signature="setUp()[pri:0, instance:com.ecom.tests.HomePageTests@33d512c1]" started-at="2024-05-05T15:55:08 IST" name="setUp" finished-at="2024-05-05T15:55:12 IST" duration-ms="3892" status="PASS">
          <reporter-output>
          </reporter-output>
        </test-method> <!-- setUp -->
        <test-method signature="testThree()[pri:0, instance:com.ecom.tests.HomePageTests@33d512c1]" started-at="2024-05-05T15:55:12 IST" name="testThree" finished-at="2024-05-05T15:55:12 IST" duration-ms="204" status="PASS">
          <reporter-output>
          </reporter-output>
        </test-method> <!-- testThree -->
        <test-method is-config="true" signature="tearDown()[pri:0, instance:com.ecom.tests.HomePageTests@33d512c1]" started-at="2024-05-05T15:55:12 IST" name="tearDown" finished-at="2024-05-05T15:55:12 IST" duration-ms="194" status="PASS">
          <reporter-output>
          </reporter-output>
        </test-method> <!-- tearDown -->
      </class> <!-- com.ecom.tests.HomePageTests -->
    </test> <!-- Test -->
  </suite> <!-- Suite -->
</testng-results>
