<?xml version="1.0" encoding="UTF-8"?>
<testng-results ignored="0" total="1" passed="1" failed="0" skipped="0">
  <reporter-output>
  </reporter-output>
  <suite started-at="2024-05-06T21:22:30 IST" name="Suite" finished-at="2024-05-06T21:22:37 IST" duration-ms="6650">
    <groups>
    </groups>
    <test started-at="2024-05-06T21:22:30 IST" name="Test" finished-at="2024-05-06T21:22:37 IST" duration-ms="6650">
      <class name="com.ecom.tests.HomePageTests">
        <test-method is-config="true" signature="setUp()[pri:0, instance:com.ecom.tests.HomePageTests@2f9f7dcf]" started-at="2024-05-06T21:22:30 IST" name="setUp" finished-at="2024-05-06T21:22:35 IST" duration-ms="4199" status="PASS">
          <reporter-output>
          </reporter-output>
        </test-method> <!-- setUp -->
        <test-method signature="testTwo()[pri:0, instance:com.ecom.tests.HomePageTests@2f9f7dcf]" started-at="2024-05-06T21:22:35 IST" name="testTwo" finished-at="2024-05-06T21:22:37 IST" duration-ms="2126" status="PASS">
          <reporter-output>
          </reporter-output>
        </test-method> <!-- testTwo -->
        <test-method is-config="true" signature="tearDown()[pri:0, instance:com.ecom.tests.HomePageTests@2f9f7dcf]" started-at="2024-05-06T21:22:37 IST" name="tearDown" finished-at="2024-05-06T21:22:37 IST" duration-ms="276" status="PASS">
          <reporter-output>
          </reporter-output>
        </test-method> <!-- tearDown -->
      </class> <!-- com.ecom.tests.HomePageTests -->
    </test> <!-- Test -->
  </suite> <!-- Suite -->
</testng-results>
